app/seeds.txt
com.ksfc.newfarmer.BaseActivity
com.ksfc.newfarmer.BaseActivity: BaseActivity()
com.ksfc.newfarmer.BaseActivity: void OnViewClick(android.view.View)
com.ksfc.newfarmer.BaseActivity: void onClick(android.view.View)
com.ksfc.newfarmer.BaseFragment
com.ksfc.newfarmer.R$anim: int abc_fade_in
com.ksfc.newfarmer.R$anim: int abc_fade_out
com.ksfc.newfarmer.R$anim: int abc_grow_fade_in_from_bottom
com.ksfc.newfarmer.R$anim: int abc_popup_enter
com.ksfc.newfarmer.R$anim: int abc_popup_exit
com.ksfc.newfarmer.R$anim: int abc_shrink_fade_out_from_bottom
com.ksfc.newfarmer.R$anim: int abc_slide_in_bottom
com.ksfc.newfarmer.R$anim: int abc_slide_in_top
com.ksfc.newfarmer.R$anim: int abc_slide_out_bottom
com.ksfc.newfarmer.R$anim: int abc_slide_out_top
com.ksfc.newfarmer.R$anim: int animation_none
com.ksfc.newfarmer.R$anim: int cart_anim
com.ksfc.newfarmer.R$anim: int cart_anim_top
com.ksfc.newfarmer.R$anim: int fab_in
com.ksfc.newfarmer.R$anim: int fab_out
com.ksfc.newfarmer.R$anim: int fade_in
com.ksfc.newfarmer.R$anim: int fade_out
com.ksfc.newfarmer.R$anim: int head_in
com.ksfc.newfarmer.R$anim: int head_out
com.ksfc.newfarmer.R$anim: int hold
com.ksfc.newfarmer.R$anim: int loading_animation
com.ksfc.newfarmer.R$anim: int pop_down_out
com.ksfc.newfarmer.R$anim: int pop_up_in
com.ksfc.newfarmer.R$anim: int popup_enter
com.ksfc.newfarmer.R$anim: int popup_exit
com.ksfc.newfarmer.R$anim: int progress_rotate
com.ksfc.newfarmer.R$anim: int push_bottom_in
com.ksfc.newfarmer.R$anim: int push_bottom_out
com.ksfc.newfarmer.R$anim: int push_top_in
com.ksfc.newfarmer.R$anim: int push_top_in2
com.ksfc.newfarmer.R$anim: int push_top_out
com.ksfc.newfarmer.R$anim: int push_top_out2
com.ksfc.newfarmer.R$anim: int shake_animation
com.ksfc.newfarmer.R$attr: int actionBarDivider
com.ksfc.newfarmer.R$attr: int actionBarItemBackground
com.ksfc.newfarmer.R$attr: int actionBarPopupTheme
com.ksfc.newfarmer.R$attr: int actionBarSize
com.ksfc.newfarmer.R$attr: int actionBarSplitStyle
com.ksfc.newfarmer.R$attr: int actionBarStyle
com.ksfc.newfarmer.R$attr: int actionBarTabBarStyle
com.ksfc.newfarmer.R$attr: int actionBarTabStyle
com.ksfc.newfarmer.R$attr: int actionBarTabTextStyle
com.ksfc.newfarmer.R$attr: int actionBarTheme
com.ksfc.newfarmer.R$attr: int actionBarWidgetTheme
com.ksfc.newfarmer.R$attr: int actionButtonStyle
com.ksfc.newfarmer.R$attr: int actionDropDownStyle
com.ksfc.newfarmer.R$attr: int actionLayout
com.ksfc.newfarmer.R$attr: int actionMenuTextAppearance
com.ksfc.newfarmer.R$attr: int actionMenuTextColor
com.ksfc.newfarmer.R$attr: int actionModeBackground
com.ksfc.newfarmer.R$attr: int actionModeCloseButtonStyle
com.ksfc.newfarmer.R$attr: int actionModeCloseDrawable
com.ksfc.newfarmer.R$attr: int actionModeCopyDrawable
com.ksfc.newfarmer.R$attr: int actionModeCutDrawable
com.ksfc.newfarmer.R$attr: int actionModeFindDrawable
com.ksfc.newfarmer.R$attr: int actionModePasteDrawable
com.ksfc.newfarmer.R$attr: int actionModePopupWindowStyle
com.ksfc.newfarmer.R$attr: int actionModeSelectAllDrawable
com.ksfc.newfarmer.R$attr: int actionModeShareDrawable
com.ksfc.newfarmer.R$attr: int actionModeSplitBackground
com.ksfc.newfarmer.R$attr: int actionModeStyle
com.ksfc.newfarmer.R$bool: int abc_action_bar_embed_tabs
com.ksfc.newfarmer.R$bool: int abc_action_bar_embed_tabs_pre_jb
com.ksfc.newfarmer.R$bool: int abc_action_bar_expanded_action_views_exclusive
com.ksfc.newfarmer.R$bool: int abc_config_actionMenuItemAllCaps
com.ksfc.newfarmer.R$bool: int abc_config_allowActionMenuItemTextWithIcon
com.ksfc.newfarmer.R$bool: int abc_config_closeDialogWhenTouchOutside
com.ksfc.newfarmer.R$bool: int abc_config_showMenuShortcutsWhenKeyboardPresent
com.ksfc.newfarmer.R$bool: int default_circle_indicator_centered
com.ksfc.newfarmer.R$bool: int default_circle_indicator_snap
com.ksfc.newfarmer.R$bool: int default_line_indicator_centered
com.ksfc.newfarmer.R$bool: int default_title_indicator_selected_bold
com.ksfc.newfarmer.R$bool: int default_underline_indicator_fades
...
com.tencent.connect.common.BaseApi$TempRequestListener
com.tencent.connect.common.BaseApi$TempRequestListener: com.tencent.tauth.IUiListener mListener
com.tencent.connect.common.BaseApi$TempRequestListener: android.os.Handler mHandler
com.tencent.connect.common.BaseApi$TempRequestListener: com.tencent.connect.common.BaseApi this$0
com.tencent.connect.common.BaseApi$TempRequestListener: BaseApi$TempRequestListener(com.tencent.connect.common.BaseApi,com.tencent.tauth.IUiListener)
com.tencent.connect.common.BaseApi$TempRequestListener: void onComplete(org.json.JSONObject)
com.tencent.connect.common.BaseApi$TempRequestListener: void onIOException(java.io.IOException)
com.tencent.connect.common.BaseApi$TempRequestListener: void onMalformedURLException(java.net.MalformedURLException)
com.tencent.connect.common.BaseApi$TempRequestListener: void onJSONException(org.json.JSONException)
com.tencent.connect.common.BaseApi$TempRequestListener: void onConnectTimeoutException(org.apache.http.conn.ConnectTimeoutException)
com.tencent.connect.common.BaseApi$TempRequestListener: void onSocketTimeoutException(java.net.SocketTimeoutException)
com.tencent.connect.common.BaseApi$TempRequestListener: void onNetworkUnavailableException(com.tencent.open.utils.HttpUtils$NetworkUnavailableException)
com.tencent.connect.common.BaseApi$TempRequestListener: void onHttpStatusException(com.tencent.open.utils.HttpUtils$HttpStatusException)
com.tencent.connect.common.BaseApi$TempRequestListener$1
com.tencent.connect.common.BaseApi$TempRequestListener$1: com.tencent.connect.common.BaseApi val$this$0
com.tencent.connect.common.BaseApi$TempRequestListener$1: com.tencent.connect.common.BaseApi$TempRequestListener this$1
com.tencent.connect.common.BaseApi$TempRequestListener$1: BaseApi$TempRequestListener$1(com.tencent.connect.common.BaseApi$TempRequestListener,android.os.Looper,com.tencent.connect.common.BaseApi)
com.tencent.connect.common.BaseApi$TempRequestListener$1: void handleMessage(android.os.Message)
com.tencent.connect.common.Constants
com.tencent.connect.common.Constants: java.lang.String DEFAULT_UIN
com.tencent.connect.common.Constants: java.lang.String PACKAGE_QZONE
com.tencent.connect.common.Constants: java.lang.String PACKAGE_QQ
com.tencent.connect.common.Constants: java.lang.String PACKAGE_QQ_PAD
com.tencent.connect.common.Constants: java.lang.String QQ_APPID
com.tencent.connect.common.Constants: java.lang.String SIGNATRUE_QZONE
com.tencent.connect.common.Constants: boolean ISLITE
com.tencent.connect.common.Constants: java.lang.String SDK_VER
com.tencent.connect.common.Constants: java.lang.String SDK_VERSION
com.tencent.connect.common.Constants: java.lang.String SDK_QUA
com.tencent.connect.common.Constants: java.lang.String SDK_VERSION_STRING
com.tencent.connect.common.Constants: java.lang.String SDK_VERSION_REPORT
com.tencent.connect.common.Constants: java.lang.String SDK_BUILD
com.tencent.connect.common.Constants: java.lang.String PARAM_ACCESS_TOKEN
com.tencent.connect.common.Constants: java.lang.String PARAM_KEY_STR
com.tencent.connect.common.Constants: java.lang.String PARAM_KEY_TYPE
com.tencent.connect.common.Constants: java.lang.String PARAM_PLATFORM
com.tencent.connect.common.Constants: java.lang.String SOURCE_QZONE
com.tencent.connect.common.Constants: java.lang.String SOURCE_QQ
com.tencent.connect.common.Constants: java.lang.String DEFAULT_PF
com.tencent.connect.common.Constants: boolean FLAG_DEBUG