app/mapping.txt
com.ksfc.newfarmer.App -> com.ksfc.newfarmer.a:
    com.ksfc.newfarmer.RndApplication app -> a
    void setApp(com.ksfc.newfarmer.RndApplication) -> a
    com.ksfc.newfarmer.RndApplication getApp() -> a
com.ksfc.newfarmer.BaseActivity -> com.ksfc.newfarmer.BaseActivity:
    java.lang.String TAG -> a
    boolean titleLoaded -> d
    android.view.View titleLeftView -> b
    android.view.View titleRightView -> c
    android.view.View titleView -> e
    android.widget.TextView tv_title -> f
    android.widget.TextView tvTitleRight -> g
    android.widget.ImageView ivTitleRight -> h
    android.app.Dialog progressDialog -> i
    com.ksfc.newfarmer.widget.dialog.CustomToast customToast -> j
    java.util.HashMap isReturnData -> k
    void <init>() -> <init>
    void onCreate(android.os.Bundle) -> onCreate
    int getLayout() -> a
    void OnActCreate(android.os.Bundle) -> a
    void OnViewClick(android.view.View) -> OnViewClick
    void onResponsed(com.ksfc.newfarmer.http.Request) -> a
    void onResponsedError(com.ksfc.newfarmer.http.Request) -> b
    void loadTitle() -> l
    boolean isLogin() -> b
    void onClick(android.view.View) -> onClick
    void onResponse(com.ksfc.newfarmer.http.Request) -> c
    void setTitle(java.lang.String) -> a
    void hideLeft() -> c
    void hideRight() -> d
    void showRightImage() -> e
    void setRightImage(int) -> a
    android.widget.ImageView getRightImageView() -> f
    void setRightViewListener(android.view.View$OnClickListener) -> a
    void setRightTextViewListener(android.view.View$OnClickListener) -> b
    void showRightTextView() -> g
    void setRightTextView(java.lang.String) -> b
com.ksfc.newfarmer.BaseActivity$1 -> com.ksfc.newfarmer.b:
    com.ksfc.newfarmer.http.ApiType val$api -> a
    com.ksfc.newfarmer.BaseActivity this$0 -> b
    void <init>(com.ksfc.newfarmer.BaseActivity,com.ksfc.newfarmer.http.ApiType) -> <init>
    void run() -> run
com.ksfc.newfarmer.BaseFragment -> com.ksfc.newfarmer.BaseFragment:
    com.ksfc.newfarmer.BaseActivity activity -> a
    android.view.LayoutInflater inflater -> b
    android.app.Dialog progressDialog -> d
    java.util.HashMap isReturnData -> e
    java.util.HashMap execApis -> c
    com.ksfc.newfarmer.widget.dialog.CustomToast customToast -> f
    void <init>() -> <init>
    void onActivityCreated(android.os.Bundle) -> onActivityCreated
    android.view.View onCreateView(android.view.LayoutInflater,android.view.ViewGroup,android.os.Bundle) -> onCreateView
    void onClick(android.view.View) -> onClick
    void OnViewClick(android.view.View) -> a
    android.view.View InItView() -> b
    void onResponse(com.ksfc.newfarmer.http.Request) -> c
    void onResponsed(com.ksfc.newfarmer.http.Request) -> a
    void showToast(java.lang.String) -> a
    void showProgressDialog() -> c
    void showProgressDialog(java.lang.String) -> b
    void disMissDialog() -> d
    void showCustomToast(java.lang.String,int) -> a
    void execApi(com.ksfc.newfarmer.http.ApiType,com.ksfc.newfarmer.http.RequestParams) -> a
    void tokenToLogin() -> e
    android.app.Dialog access$000(com.ksfc.newfarmer.BaseFragment) -> a
    java.util.HashMap access$100(com.ksfc.newfarmer.BaseFragment) -> b
com.ksfc.newfarmer.BaseFragment$1 -> com.ksfc.newfarmer.c:
    com.ksfc.newfarmer.http.ApiType val$api -> a
    com.ksfc.newfarmer.BaseFragment this$0 -> b
    void <init>(com.ksfc.newfarmer.BaseFragment,com.ksfc.newfarmer.http.ApiType) -> <init>
    void run() -> run
com.ksfc.newfarmer.MsgID -> com.ksfc.newfarmer.d:
    java.lang.String IP -> a
    void <clinit>() -> <clinit>
com.ksfc.newfarmer.R -> com.ksfc.newfarmer.e:
...
com.facebook.internal.FacebookRequestErrorClassification$2 -> com.facebook.internal.FacebookRequestErrorClassification$2:
    void <init>() -> <init>
com.facebook.internal.FacebookRequestErrorClassification$3 -> com.facebook.internal.u:
    int[] $SwitchMap$com$facebook$FacebookRequestError$Category -> a
    void <clinit>() -> <clinit>
com.facebook.internal.FacebookWebFallbackDialog -> com.facebook.internal.v:
    java.lang.String TAG -> a
    boolean waitingForDialogToClose -> b
    void <init>(android.content.Context,java.lang.String,java.lang.String) -> <init>
    android.os.Bundle parseResponseUri(java.lang.String) -> a
    void cancel() -> cancel
    void access$001(com.facebook.internal.FacebookWebFallbackDialog) -> a
    void <clinit>() -> <clinit>
com.facebook.internal.FacebookWebFallbackDialog$1 -> com.facebook.internal.w:
    com.facebook.internal.FacebookWebFallbackDialog this$0 -> a
    void <init>(com.facebook.internal.FacebookWebFallbackDialog) -> <init>
    void run() -> run
com.facebook.internal.FileLruCache -> com.facebook.internal.x:
    java.lang.String TAG -> a
    java.util.concurrent.atomic.AtomicLong bufferIndex -> b
    java.lang.String tag -> c
    com.facebook.internal.FileLruCache$Limits limits -> d
    java.io.File directory -> e
    boolean isTrimPending -> f
    boolean isTrimInProgress -> g
    java.lang.Object lock -> h
    java.util.concurrent.atomic.AtomicLong lastClearCacheTime -> i
    void <init>(java.lang.String,com.facebook.internal.FileLruCache$Limits) -> <init>
    java.io.InputStream get(java.lang.String) -> a
    java.io.InputStream get(java.lang.String,java.lang.String) -> a
    java.io.OutputStream openPutStream(java.lang.String) -> b
    java.io.OutputStream openPutStream(java.lang.String,java.lang.String) -> b
    void clearCache() -> a
    void renameToTargetAndTrim(java.lang.String,java.io.File) -> a
    java.io.InputStream interceptAndPut(java.lang.String,java.io.InputStream) -> a
    java.lang.String toString() -> toString
    void postTrim() -> c
    void trim() -> d
    java.util.concurrent.atomic.AtomicLong access$000(com.facebook.internal.FileLruCache) -> a
    void access$100(com.facebook.internal.FileLruCache,java.lang.String,java.io.File) -> a
    void access$200(com.facebook.internal.FileLruCache) -> b
    java.util.concurrent.atomic.AtomicLong access$300() -> b
    void <clinit>() -> <clinit>
com.facebook.internal.FileLruCache$1 -> com.facebook.internal.y:
    long val$bufferFileCreateTime -> a
    java.io.File val$buffer -> b
    java.lang.String val$key -> c
    com.facebook.internal.FileLruCache this$0 -> d
    void <init>(com.facebook.internal.FileLruCache,long,java.io.File,java.lang.String) -> <init>
    void onClose() -> a
com.facebook.internal.FileLruCache$2 -> com.facebook.internal.z:
    java.io.File[] val$filesToDelete -> a
    com.facebook.internal.FileLruCache this$0 -> b
    void <init>(com.facebook.internal.FileLruCache,java.io.File[]) -> <init>
    void run() -> run
com.facebook.internal.FileLruCache$3 -> com.facebook.internal.aa:
    com.facebook.internal.FileLruCache this$0 -> a
    void <init>(com.facebook.internal.FileLruCache) -> <init>
    void run() -> run
com.facebook.internal.FileLruCache$BufferFile -> com.facebook.internal.ab:
    java.io.FilenameFilter filterExcludeBufferFiles -> a
    java.io.FilenameFilter filterExcludeNonBufferFiles -> b
    void deleteAll(java.io.File) -> a
    java.io.FilenameFilter excludeBufferFiles() -> a
    java.io.FilenameFilter excludeNonBufferFiles() -> b
    java.io.File newFile(java.io.File) -> b
    void <clinit>() -> <clinit>
com.facebook.internal.FileLruCache$BufferFile$1 -> com.facebook.internal.ac:
    void <init>() -> <init>
    boolean accept(java.io.File,java.lang.String) -> accept
com.facebook.internal.FileLruCache$BufferFile$2 -> com.facebook.internal.ad:
    void <init>() -> <init>
    boolean accept(java.io.File,java.lang.String) -> accept