app/unused.txt
com.ksfc.newfarmer.App:
    3:3:public App()
com.ksfc.newfarmer.BaseActivity:
    225:228:public void hideTitle()
com.ksfc.newfarmer.BuildConfig
com.ksfc.newfarmer.MsgID:
    public static final java.lang.String ISLOGIN
    public static final java.lang.String UPDATE_USER
    public static final java.lang.String CLEAR_USER
    public static final java.lang.String UPDATE_USER_TYPE
    public static final java.lang.String rsc_swipe_reFlash
    public static final java.lang.String swipe_reFlash
    public static final java.lang.String MainActivity_select_tab
    public static final java.lang.String MSG_Change_ADDRESS
    public static final java.lang.String add_potential_success
    public static final java.lang.String change_potential_success
    public static final java.lang.String MyaccountActivityFinish
    public static final java.lang.String Pay_success
    public static final java.lang.String Rsc_order_Change
    public static final java.lang.String order_Change
    public static final java.lang.String PAY_PRICE
    public static final java.lang.String Integral_Guide_Change
    public static final java.lang.String IS_Signed
    public static final java.lang.String gift_swipe_reFlash
com.ksfc.newfarmer.R:
    10:5184:public R()
com.ksfc.newfarmer.R$anim
com.ksfc.newfarmer.R$attr
com.ksfc.newfarmer.R$bool
com.ksfc.newfarmer.R$color
com.ksfc.newfarmer.R$dimen
com.ksfc.newfarmer.R$drawable
com.ksfc.newfarmer.R$id
com.ksfc.newfarmer.R$integer
com.ksfc.newfarmer.R$layout
com.ksfc.newfarmer.R$string
com.ksfc.newfarmer.R$style
com.ksfc.newfarmer.R$styleable:
    5184:5184:public R$styleable()
com.ksfc.newfarmer.RndApplication:
    private static final java.lang.String TAG
    private static final java.lang.String dbname
    public static final java.lang.String DB_NAME
    131:131:public static com.ksfc.newfarmer.RndApplication getInstance()
    194:195:public void setPwd(java.lang.String)
    198:198:public java.lang.String getPwd()
com.ksfc.newfarmer.activitys.AboutUsActivity$$ViewBinder$InnerUnbinder:
    29:35:public void unbind()
com.ksfc.newfarmer.activitys.AddOrderActivity:
    private static final int requestState
    private static final int requestPerson
com.ksfc.newfarmer.activitys.AgreeMentActivity$$ViewBinder$InnerUnbinder:
    29:35:public void unbind()
com.ksfc.newfarmer.activitys.ChoicePicActivity:
    public static final java.lang.String EXTRA_IS_FROM_CAMRA
    public static final java.lang.String EXTRA_IS_NEED_ZOOM
    public static final java.lang.String EXTRA_PIC_PATH
    public static final int FROM_CAMRA
    public static final int FROM_CHOICE
    public static final int FROM_ZOOM
com.ksfc.newfarmer.activitys.EposActivity:
    private static final java.lang.String billsMID
    private static final java.lang.String billsTID
    private static final java.lang.String merOrderDesc
com.ksfc.newfarmer.activitys.EposSlotCardStateActivity:
    private static final int provinceTag
    private static final int cityTag
    private static final int countyTag
com.ksfc.newfarmer.activitys.ExchangeRecordActivity$$ViewBinder$InnerUnbinder:
    31:38:public void unbind()
com.ksfc.newfarmer.activitys.ExchangeSuccessActivity$$ViewBinder$InnerUnbinder:
    29:35:public void unbind()
com.ksfc.newfarmer.activitys.FloatingLayerActivity$$ViewBinder$InnerUnbinder:
    29:36:public void unbind()
com.ksfc.newfarmer.activitys.GoodsDetailActivity$AdditionsAdapter:
    611:611:public java.lang.Object getItem(int)
    616:616:public long getItemId(int)
com.ksfc.newfarmer.activitys.GoodsDetailActivity$AttributesAdapter:
    514:514:public java.lang.Object getItem(int)
    519:519:public long getItemId(int)
com.ksfc.newfarmer.activitys.HomepageActivity$$ViewBinder$InnerUnbinder:
    32:40:public void unbind()
com.ksfc.newfarmer.activitys.IntegralGiftDetailActivity$$ViewBinder$InnerUnbinder:
    40:54:public void unbind()
...
android.support.v4.net.TrafficStatsCompat$TrafficStatsCompatImpl
android.support.v4.net.TrafficStatsCompatIcs
android.support.v4.os.AsyncTaskCompat:
    26:26:public AsyncTaskCompat()
android.support.v4.os.AsyncTaskCompatHoneycomb:
    24:24:AsyncTaskCompatHoneycomb()
android.support.v4.os.EnvironmentCompat
android.support.v4.os.EnvironmentCompatKitKat
android.support.v4.os.ParcelableCompat:
    26:42:public ParcelableCompat()
android.support.v4.os.ParcelableCompatCreatorHoneycombMR2Stub:
    22:22:ParcelableCompatCreatorHoneycombMR2Stub()
android.support.v4.os.TraceCompat
android.support.v4.os.TraceJellybeanMR2
android.support.v4.print.PrintHelper
android.support.v4.print.PrintHelper$1
android.support.v4.print.PrintHelper$OnPrintFinishCallback
android.support.v4.print.PrintHelper$PrintHelperKitkatImpl
android.support.v4.print.PrintHelper$PrintHelperKitkatImpl$1
android.support.v4.print.PrintHelper$PrintHelperKitkatImpl$2
android.support.v4.print.PrintHelper$PrintHelperStubImpl
android.support.v4.print.PrintHelper$PrintHelperVersionImpl
android.support.v4.print.PrintHelperKitkat
android.support.v4.print.PrintHelperKitkat$1
android.support.v4.print.PrintHelperKitkat$2
android.support.v4.print.PrintHelperKitkat$2$1
android.support.v4.print.PrintHelperKitkat$2$1$1
android.support.v4.print.PrintHelperKitkat$OnPrintFinishCallback
android.support.v4.provider.DocumentFile
android.support.v4.provider.DocumentsContractApi19
android.support.v4.provider.DocumentsContractApi21
android.support.v4.provider.RawDocumentFile
android.support.v4.provider.SingleDocumentFile
android.support.v4.provider.TreeDocumentFile
android.support.v4.speech.tts.TextToSpeechICS
android.support.v4.speech.tts.TextToSpeechICSMR1
android.support.v4.speech.tts.TextToSpeechICSMR1$1
android.support.v4.speech.tts.TextToSpeechICSMR1$2
android.support.v4.speech.tts.TextToSpeechICSMR1$UtteranceProgressListenerICSMR1
android.support.v4.text.BidiFormatter
android.support.v4.text.BidiFormatter$1
android.support.v4.text.BidiFormatter$Builder
android.support.v4.text.BidiFormatter$DirectionalityEstimator
android.support.v4.text.ICUCompat:
    21:40:public ICUCompat()
android.support.v4.text.ICUCompatIcs:
    private static final java.lang.String TAG
    24:24:ICUCompatIcs()
android.support.v4.text.TextDirectionHeuristicCompat
android.support.v4.text.TextDirectionHeuristicsCompat
android.support.v4.text.TextDirectionHeuristicsCompat$1
android.support.v4.text.TextDirectionHeuristicsCompat$AnyStrong
android.support.v4.text.TextDirectionHeuristicsCompat$FirstStrong
android.support.v4.text.TextDirectionHeuristicsCompat$TextDirectionAlgorithm
android.support.v4.text.TextDirectionHeuristicsCompat$TextDirectionHeuristicImpl
android.support.v4.text.TextDirectionHeuristicsCompat$TextDirectionHeuristicInternal
android.support.v4.text.TextDirectionHeuristicsCompat$TextDirectionHeuristicLocale
android.support.v4.text.TextUtilsCompat:
    25:25:public TextUtilsCompat()
    34:62:public static java.lang.String htmlEncode(java.lang.String)
android.support.v4.util.ArrayMap:
    61:62:public ArrayMap(int)
    68:69:public ArrayMap(android.support.v4.util.SimpleArrayMap)
    130:130:public boolean containsAll(java.util.Collection)
    151:151:public boolean removeAll(java.util.Collection)
android.support.v4.util.AtomicFile
android.support.v4.util.CircularArray
android.support.v4.util.CircularIntArray
android.support.v4.util.ContainerHelpers:
    19:19:ContainerHelpers()
    29:29:public static int idealLongArraySize(int)
    65:80:static int binarySearch(long[],int,long)
android.support.v4.util.DebugUtils:
    25:25:public DebugUtils()
android.support.v4.util.LongSparseArray